# JRE version: OpenJDK Runtime Environment Temurin-17.0.10+7 (17.0.10+7) (build 17.0.10+7)
# Java VM: OpenJDK 64-Bit Server VM Temurin-17.0.10+7 (17.0.10+7, mixed mode, tiered, compressed oops, compressed class ptrs, parallel gc, bsd-amd64)
GC Precious Log:
 CPUs: 12 total, 12 available
 Memory: 32768M
 Large Page Support: Disabled
 NUMA Support: Disabled
 Compressed Oops: Enabled (Zero based)
 Alignments: Space 512K, Generation 512K, Heap 2M
 Heap Min Capacity: 100M
 Heap Initial Capacity: 100M
 Heap Max Capacity: 1G
 Pre-touch: Disabled
 Parallel Workers: 10
Heap:
 PSYoungGen      total 45056K, used 40208K [0x00000007eab00000, 0x00000007f0e00000, 0x0000000800000000)
  eden space 29696K, 90% used [0x00000007eab00000,0x00000007ec557538,0x00000007ec800000)
  from space 15360K, 86% used [0x00000007ec900000,0x00000007ed5eceb8,0x00000007ed800000)
  to   space 35840K, 0% used [0x00000007eeb00000,0x00000007eeb00000,0x00000007f0e00000)
 ParOldGen       total 406528K, used 336335K [0x00000007c0000000, 0x00000007d8d00000, 0x00000007eab00000)
  object space 406528K, 82% used [0x00000007c0000000,0x00000007d4873c48,0x00000007d8d00000)
 Metaspace       used 71726K, committed 72896K, reserved 1114112K
  class space    used 8773K, committed 9344K, reserved 1048576K
GC Heap History (20 events):
Event: 13.247 GC heap before
{Heap before GC invocations=178 (full 12):
 PSYoungGen      total 19968K, used 3623K [0x00000007eab00000, 0x00000007ec680000, 0x0000000800000000)
  eden space 15872K, 0% used [0x00000007eab00000,0x00000007eab00000,0x00000007eba80000)
  from space 4096K, 88% used [0x00000007ec280000,0x00000007ec609fd8,0x00000007ec680000)
  to   space 5632K, 0% used [0x00000007ebb80000,0x00000007ebb80000,0x00000007ec100000)
 ParOldGen       total 287232K, used 282281K [0x00000007c0000000, 0x00000007d1880000, 0x00000007eab00000)
  object space 287232K, 98% used [0x00000007c0000000,0x00000007d13aa680,0x00000007d1880000)
 Metaspace       used 71597K, committed 72768K, reserved 1114112K
  class space    used 8769K, committed 9344K, reserved 1048576K
}
Event: 13.346 GC heap after
{Heap after GC invocations=178 (full 12):
 PSYoungGen      total 22528K, used 0K [0x00000007eab00000, 0x00000007ec780000, 0x0000000800000000)
  eden space 16896K, 0% used [0x00000007eab00000,0x00000007eab00000,0x00000007ebb80000)
  from space 5632K, 0% used [0x00000007ebb80000,0x00000007ebb80000,0x00000007ec100000)
  to   space 5632K, 0% used [0x00000007ec200000,0x00000007ec200000,0x00000007ec780000)
 ParOldGen       total 331776K, used 281640K [0x00000007c0000000, 0x00000007d4400000, 0x00000007eab00000)
  object space 331776K, 84% used [0x00000007c0000000,0x00000007d130a180,0x00000007d4400000)
 Metaspace       used 71597K, committed 72768K, reserved 1114112K
  class space    used 8769K, committed 9344K, reserved 1048576K
}
Event: 13.399 GC heap before
{Heap before GC invocations=179 (full 12):
 PSYoungGen      total 22528K, used 16896K [0x00000007eab00000, 0x00000007ec780000, 0x0000000800000000)
  eden space 16896K, 100% used [0x00000007eab00000,0x00000007ebb80000,0x00000007ebb80000)
  from space 5632K, 0% used [0x00000007ebb80000,0x00000007ebb80000,0x00000007ec100000)
  to   space 5632K, 0% used [0x00000007ec200000,0x00000007ec200000,0x00000007ec780000)
 ParOldGen       total 331776K, used 281640K [0x00000007c0000000, 0x00000007d4400000, 0x00000007eab00000)
  object space 331776K, 84% used [0x00000007c0000000,0x00000007d130a180,0x00000007d4400000)
 Metaspace       used 71599K, committed 72768K, reserved 1114112K
  class space    used 8769K, committed 9344K, reserved 1048576K
}
Event: 13.404 GC heap after
{Heap after GC invocations=179 (full 12):
 PSYoungGen      total 23552K, used 4181K [0x00000007eab00000, 0x00000007ec680000, 0x0000000800000000)
  eden space 18944K, 0% used [0x00000007eab00000,0x00000007eab00000,0x00000007ebd80000)
  from space 4608K, 90% used [0x00000007ec200000,0x00000007ec6157c0,0x00000007ec680000)
  to   space 4608K, 0% used [0x00000007ebd80000,0x00000007ebd80000,0x00000007ec200000)
 ParOldGen       total 331776K, used 281640K [0x00000007c0000000, 0x00000007d4400000, 0x00000007eab00000)
  object space 331776K, 84% used [0x00000007c0000000,0x00000007d130a180,0x00000007d4400000)
 Metaspace       used 71599K, committed 72768K, reserved 1114112K
  class space    used 8769K, committed 9344K, reserved 1048576K
}
Event: 13.459 GC heap before
{Heap before GC invocations=180 (full 12):
 PSYoungGen      total 23552K, used 23125K [0x00000007eab00000, 0x00000007ec680000, 0x0000000800000000)
  eden space 18944K, 100% used [0x00000007eab00000,0x00000007ebd80000,0x00000007ebd80000)
  from space 4608K, 90% used [0x00000007ec200000,0x00000007ec6157c0,0x00000007ec680000)
  to   space 4608K, 0% used [0x00000007ebd80000,0x00000007ebd80000,0x00000007ec200000)
 ParOldGen       total 331776K, used 281640K [0x00000007c0000000, 0x00000007d4400000, 0x00000007eab00000)
  object space 331776K, 84% used [0x00000007c0000000,0x00000007d130a180,0x00000007d4400000)
 Metaspace       used 71599K, committed 72768K, reserved 1114112K
  class space    used 8769K, committed 9344K, reserved 1048576K
}
Event: 13.463 GC heap after
{Heap after GC invocations=180 (full 12):
 PSYoungGen      total 23552K, used 4579K [0x00000007eab00000, 0x00000007ed480000, 0x0000000800000000)
  eden space 18944K, 0% used [0x00000007eab00000,0x00000007eab00000,0x00000007ebd80000)
  from space 4608K, 99% used [0x00000007ebd80000,0x00000007ec1f8cb8,0x00000007ec200000)
  to   space 10752K, 0% used [0x00000007eca00000,0x00000007eca00000,0x00000007ed480000)
 ParOldGen       total 331776K, used 286651K [0x00000007c0000000, 0x00000007d4400000, 0x00000007eab00000)
  object space 331776K, 86% used [0x00000007c0000000,0x00000007d17eef00,0x00000007d4400000)
 Metaspace       used 71599K, committed 72768K, reserved 1114112K
  class space    used 8769K, committed 9344K, reserved 1048576K
}
Event: 13.502 GC heap before
{Heap before GC invocations=181 (full 12):
 PSYoungGen      total 23552K, used 23523K [0x00000007eab00000, 0x00000007ed480000, 0x0000000800000000)
  eden space 18944K, 100% used [0x00000007eab00000,0x00000007ebd80000,0x00000007ebd80000)
  from space 4608K, 99% used [0x00000007ebd80000,0x00000007ec1f8cb8,0x00000007ec200000)
  to   space 10752K, 0% used [0x00000007eca00000,0x00000007eca00000,0x00000007ed480000)
 ParOldGen       total 331776K, used 286651K [0x00000007c0000000, 0x00000007d4400000, 0x00000007eab00000)
  object space 331776K, 86% used [0x00000007c0000000,0x00000007d17eef00,0x00000007d4400000)
 Metaspace       used 71599K, committed 72768K, reserved 1114112K
  class space    used 8769K, committed 9344K, reserved 1048576K
}
Event: 13.507 GC heap after
{Heap after GC invocations=181 (full 12):
 PSYoungGen      total 26624K, used 5195K [0x00000007eab00000, 0x00000007ecf80000, 0x0000000800000000)
  eden space 20992K, 0% used [0x00000007eab00000,0x00000007eab00000,0x00000007ebf80000)
  from space 5632K, 92% used [0x00000007eca00000,0x00000007ecf12fa8,0x00000007ecf80000)
  to   space 7168K, 0% used [0x00000007ec180000,0x00000007ec180000,0x00000007ec880000)
 ParOldGen       total 331776K, used 291019K [0x00000007c0000000, 0x00000007d4400000, 0x00000007eab00000)
  object space 331776K, 87% used [0x00000007c0000000,0x00000007d1c32f88,0x00000007d4400000)
 Metaspace       used 71599K, committed 72768K, reserved 1114112K
  class space    used 8769K, committed 9344K, reserved 1048576K
}
Event: 13.547 GC heap before
{Heap before GC invocations=182 (full 12):
 PSYoungGen      total 26624K, used 26187K [0x00000007eab00000, 0x00000007ecf80000, 0x0000000800000000)
  eden space 20992K, 100% used [0x00000007eab00000,0x00000007ebf80000,0x00000007ebf80000)
  from space 5632K, 92% used [0x00000007eca00000,0x00000007ecf12fa8,0x00000007ecf80000)
  to   space 7168K, 0% used [0x00000007ec180000,0x00000007ec180000,0x00000007ec880000)
 ParOldGen       total 331776K, used 291019K [0x00000007c0000000, 0x00000007d4400000, 0x00000007eab00000)
  object space 331776K, 87% used [0x00000007c0000000,0x00000007d1c32f88,0x00000007d4400000)
 Metaspace       used 71599K, committed 72768K, reserved 1114112K
  class space    used 8769K, committed 9344K, reserved 1048576K
}
Event: 13.552 GC heap after
{Heap after GC invocations=182 (full 12):
 PSYoungGen      total 30208K, used 7148K [0x00000007eab00000, 0x00000007edb00000, 0x0000000800000000)
  eden space 23040K, 0% used [0x00000007eab00000,0x00000007eab00000,0x00000007ec180000)
  from space 7168K, 99% used [0x00000007ec180000,0x00000007ec87b158,0x00000007ec880000)
  to   space 12800K, 0% used [0x00000007ece80000,0x00000007ece80000,0x00000007edb00000)
 ParOldGen       total 331776K, used 295481K [0x00000007c0000000, 0x00000007d4400000, 0x00000007eab00000)
  object space 331776K, 89% used [0x00000007c0000000,0x00000007d208e690,0x00000007d4400000)
 Metaspace       used 71599K, committed 72768K, reserved 1114112K
  class space    used 8769K, committed 9344K, reserved 1048576K
}
Event: 13.590 GC heap before
{Heap before GC invocations=183 (full 12):
 PSYoungGen      total 30208K, used 30188K [0x00000007eab00000, 0x00000007edb00000, 0x0000000800000000)
  eden space 23040K, 100% used [0x00000007eab00000,0x00000007ec180000,0x00000007ec180000)
  from space 7168K, 99% used [0x00000007ec180000,0x00000007ec87b158,0x00000007ec880000)
  to   space 12800K, 0% used [0x00000007ece80000,0x00000007ece80000,0x00000007edb00000)
 ParOldGen       total 331776K, used 295481K [0x00000007c0000000, 0x00000007d4400000, 0x00000007eab00000)
  object space 331776K, 89% used [0x00000007c0000000,0x00000007d208e690,0x00000007d4400000)
 Metaspace       used 71599K, committed 72768K, reserved 1114112K
  class space    used 8769K, committed 9344K, reserved 1048576K
}
Event: 13.594 GC heap after
{Heap after GC invocations=183 (full 12):
 PSYoungGen      total 35328K, used 9074K [0x00000007eab00000, 0x00000007ed800000, 0x0000000800000000)
  eden space 25600K, 0% used [0x00000007eab00000,0x00000007eab00000,0x00000007ec400000)
  from space 9728K, 93% used [0x00000007ece80000,0x00000007ed75c9e8,0x00000007ed800000)
  to   space 10240K, 0% used [0x00000007ec400000,0x00000007ec400000,0x00000007ece00000)
 ParOldGen       total 331776K, used 302487K [0x00000007c0000000, 0x00000007d4400000, 0x00000007eab00000)
  object space 331776K, 91% used [0x00000007c0000000,0x00000007d2765d20,0x00000007d4400000)
 Metaspace       used 71599K, committed 72768K, reserved 1114112K
  class space    used 8769K, committed 9344K, reserved 1048576K
}
Event: 13.675 GC heap before
{Heap before GC invocations=184 (full 12):
 PSYoungGen      total 35328K, used 34674K [0x00000007eab00000, 0x00000007ed800000, 0x0000000800000000)
  eden space 25600K, 100% used [0x00000007eab00000,0x00000007ec400000,0x00000007ec400000)
  from space 9728K, 93% used [0x00000007ece80000,0x00000007ed75c9e8,0x00000007ed800000)
  to   space 10240K, 0% used [0x00000007ec400000,0x00000007ec400000,0x00000007ece00000)
 ParOldGen       total 331776K, used 302487K [0x00000007c0000000, 0x00000007d4400000, 0x00000007eab00000)
  object space 331776K, 91% used [0x00000007c0000000,0x00000007d2765d20,0x00000007d4400000)
 Metaspace       used 71599K, committed 72768K, reserved 1114112K
  class space    used 8769K, committed 9344K, reserved 1048576K
}
Event: 13.685 GC heap after
{Heap after GC invocations=184 (full 12):
 PSYoungGen      total 35840K, used 10218K [0x00000007eab00000, 0x00000007eeb80000, 0x0000000800000000)
  eden space 25600K, 0% used [0x00000007eab00000,0x00000007eab00000,0x00000007ec400000)
  from space 10240K, 99% used [0x00000007ec400000,0x00000007ecdfa918,0x00000007ece00000)
  to   space 18944K, 0% used [0x00000007ed900000,0x00000007ed900000,0x00000007eeb80000)
 ParOldGen       total 331776K, used 309564K [0x00000007c0000000, 0x00000007d4400000, 0x00000007eab00000)
  object space 331776K, 93% used [0x00000007c0000000,0x00000007d2e4f378,0x00000007d4400000)
 Metaspace       used 71599K, committed 72768K, reserved 1114112K
  class space    used 8769K, committed 9344K, reserved 1048576K
}
Event: 14.125 GC heap before
{Heap before GC invocations=185 (full 12):
 PSYoungGen      total 35840K, used 35818K [0x00000007eab00000, 0x00000007eeb80000, 0x0000000800000000)
  eden space 25600K, 100% used [0x00000007eab00000,0x00000007ec400000,0x00000007ec400000)
  from space 10240K, 99% used [0x00000007ec400000,0x00000007ecdfa918,0x00000007ece00000)
  to   space 18944K, 0% used [0x00000007ed900000,0x00000007ed900000,0x00000007eeb80000)
 ParOldGen       total 331776K, used 309564K [0x00000007c0000000, 0x00000007d4400000, 0x00000007eab00000)
  object space 331776K, 93% used [0x00000007c0000000,0x00000007d2e4f378,0x00000007d4400000)
 Metaspace       used 71614K, committed 72832K, reserved 1114112K
  class space    used 8770K, committed 9344K, reserved 1048576K
}
Event: 14.135 GC heap after
{Heap after GC invocations=185 (full 12):
 PSYoungGen      total 42496K, used 13853K [0x00000007eab00000, 0x00000007ee700000, 0x0000000800000000)
  eden space 28160K, 0% used [0x00000007eab00000,0x00000007eab00000,0x00000007ec680000)
  from space 14336K, 96% used [0x00000007ed900000,0x00000007ee687550,0x00000007ee700000)
  to   space 15360K, 0% used [0x00000007ec900000,0x00000007ec900000,0x00000007ed800000)
 ParOldGen       total 331776K, used 319682K [0x00000007c0000000, 0x00000007d4400000, 0x00000007eab00000)
  object space 331776K, 96% used [0x00000007c0000000,0x00000007d3830868,0x00000007d4400000)
 Metaspace       used 71614K, committed 72832K, reserved 1114112K
  class space    used 8770K, committed 9344K, reserved 1048576K
}
Event: 14.497 GC heap before
{Heap before GC invocations=186 (full 12):
 PSYoungGen      total 42496K, used 42013K [0x00000007eab00000, 0x00000007ee700000, 0x0000000800000000)
  eden space 28160K, 100% used [0x00000007eab00000,0x00000007ec680000,0x00000007ec680000)
  from space 14336K, 96% used [0x00000007ed900000,0x00000007ee687550,0x00000007ee700000)
  to   space 15360K, 0% used [0x00000007ec900000,0x00000007ec900000,0x00000007ed800000)
 ParOldGen       total 331776K, used 319682K [0x00000007c0000000, 0x00000007d4400000, 0x00000007eab00000)
  object space 331776K, 96% used [0x00000007c0000000,0x00000007d3830868,0x00000007d4400000)
 Metaspace       used 71615K, committed 72832K, reserved 1114112K
  class space    used 8770K, committed 9344K, reserved 1048576K
}
Event: 14.510 GC heap after
{Heap after GC invocations=186 (full 12):
 PSYoungGen      total 43008K, used 15354K [0x00000007eab00000, 0x00000007f0c00000, 0x0000000800000000)
  eden space 27648K, 0% used [0x00000007eab00000,0x00000007eab00000,0x00000007ec600000)
  from space 15360K, 99% used [0x00000007ec900000,0x00000007ed7fe848,0x00000007ed800000)
  to   space 35840K, 0% used [0x00000007ee900000,0x00000007ee900000,0x00000007f0c00000)
 ParOldGen       total 336896K, used 336672K [0x00000007c0000000, 0x00000007d4900000, 0x00000007eab00000)
  object space 336896K, 99% used [0x00000007c0000000,0x00000007d48c8000,0x00000007d4900000)
 Metaspace       used 71615K, committed 72832K, reserved 1114112K
  class space    used 8770K, committed 9344K, reserved 1048576K
}
Event: 14.510 GC heap before
{Heap before GC invocations=187 (full 13):
 PSYoungGen      total 43008K, used 15354K [0x00000007eab00000, 0x00000007f0c00000, 0x0000000800000000)
  eden space 27648K, 0% used [0x00000007eab00000,0x00000007eab00000,0x00000007ec600000)
  from space 15360K, 99% used [0x00000007ec900000,0x00000007ed7fe848,0x00000007ed800000)
  to   space 35840K, 0% used [0x00000007ee900000,0x00000007ee900000,0x00000007f0c00000)
 ParOldGen       total 336896K, used 336672K [0x00000007c0000000, 0x00000007d4900000, 0x00000007eab00000)
  object space 336896K, 99% used [0x00000007c0000000,0x00000007d48c8000,0x00000007d4900000)
 Metaspace       used 71615K, committed 72832K, reserved 1114112K
  class space    used 8770K, committed 9344K, reserved 1048576K
}
Event: 14.852 GC heap after
{Heap after GC invocations=187 (full 13):
 PSYoungGen      total 45056K, used 13235K [0x00000007eab00000, 0x00000007f0e00000, 0x0000000800000000)
  eden space 29696K, 0% used [0x00000007eab00000,0x00000007eab00000,0x00000007ec800000)
  from space 15360K, 86% used [0x00000007ec900000,0x00000007ed5eceb8,0x00000007ed800000)
  to   space 35840K, 0% used [0x00000007eeb00000,0x00000007eeb00000,0x00000007f0e00000)
 ParOldGen       total 406528K, used 336335K [0x00000007c0000000, 0x00000007d8d00000, 0x00000007eab00000)
  object space 406528K, 82% used [0x00000007c0000000,0x00000007d4873c48,0x00000007d8d00000)
 Metaspace       used 71615K, committed 72832K, reserved 1114112K
  class space    used 8770K, committed 9344K, reserved 1048576K
}

